<?xml version="1.0" encoding="utf-8"?><testsuites><testsuite name="pytest" errors="0" failures="0" skipped="0" tests="5" time="0.145" timestamp="2023-11-24T21:32:08.665843" hostname="DESKTOP-28USQK1"><testcase classname="AluraPython.curso_9_tests_tdd.tests.test_bytebank.TestClass" name="test_when_age_receives_13_03_2000_must_return_23" time="0.005" /><testcase classname="AluraPython.curso_9_tests_tdd.tests.test_bytebank.TestClass" name="test_when_surname_receives_Lucas_Carvalho_must_return_Carvalho" time="0.002" /><testcase classname="AluraPython.curso_9_tests_tdd.tests.test_bytebank.TestClass" name="test_when_decrease_salary_receives_100000_must_return_90000" time="0.001" /><testcase classname="AluraPython.curso_9_tests_tdd.tests.test_bytebank.TestClass" name="test_when_salary_bonus_receives_1000_must_return_100" time="0.002" /><testcase classname="AluraPython.curso_9_tests_tdd.tests.test_bytebank.TestClass" name="test_when_salary_bonus_receives_1000000_must_return_exception" time="0.002" /></testsuite></testsuites>